{"C:\\Users\\Dan\\Documents\\alchemy\\career-track\\labs\\lab-09-recipes-complete\\lib\\models\\Attempt.js": {"path":"C:\\Users\\Dan\\Documents\\alchemy\\career-track\\labs\\lab-09-recipes-complete\\lib\\models\\Attempt.js","statementMap":{"0":{"start":{"line":1,"column":17},"end":{"line":1,"column":36}},"1":{"start":{"line":3,"column":15},"end":{"line":23,"column":2}},"2":{"start":{"line":25,"column":0},"end":{"line":31,"column":5}},"3":{"start":{"line":27,"column":4},"end":{"line":27,"column":45}},"4":{"start":{"line":30,"column":4},"end":{"line":30,"column":36}},"5":{"start":{"line":33,"column":0},"end":{"line":39,"column":5}},"6":{"start":{"line":35,"column":4},"end":{"line":35,"column":45}},"7":{"start":{"line":38,"column":4},"end":{"line":38,"column":41}},"8":{"start":{"line":41,"column":0},"end":{"line":47,"column":5}},"9":{"start":{"line":43,"column":4},"end":{"line":43,"column":44}},"10":{"start":{"line":46,"column":4},"end":{"line":46,"column":40}},"11":{"start":{"line":49,"column":0},"end":{"line":49,"column":51}}},"fnMap":{"0":{"name":"(anonymous_0)","decl":{"start":{"line":26,"column":7},"end":{"line":26,"column":8}},"loc":{"start":{"line":26,"column":18},"end":{"line":28,"column":3}},"line":26},"1":{"name":"(anonymous_1)","decl":{"start":{"line":29,"column":7},"end":{"line":29,"column":8}},"loc":{"start":{"line":29,"column":21},"end":{"line":31,"column":3}},"line":29},"2":{"name":"(anonymous_2)","decl":{"start":{"line":34,"column":7},"end":{"line":34,"column":8}},"loc":{"start":{"line":34,"column":18},"end":{"line":36,"column":3}},"line":34},"3":{"name":"(anonymous_3)","decl":{"start":{"line":37,"column":7},"end":{"line":37,"column":8}},"loc":{"start":{"line":37,"column":21},"end":{"line":39,"column":3}},"line":37},"4":{"name":"(anonymous_4)","decl":{"start":{"line":42,"column":7},"end":{"line":42,"column":8}},"loc":{"start":{"line":42,"column":18},"end":{"line":44,"column":3}},"line":42},"5":{"name":"(anonymous_5)","decl":{"start":{"line":45,"column":7},"end":{"line":45,"column":8}},"loc":{"start":{"line":45,"column":21},"end":{"line":47,"column":3}},"line":45}},"branchMap":{},"s":{"0":1,"1":1,"2":1,"3":2,"4":1,"5":1,"6":2,"7":1,"8":1,"9":2,"10":1,"11":1},"f":{"0":2,"1":1,"2":2,"3":1,"4":2,"5":1},"b":{},"_coverageSchema":"43e27e138ebf9cfc5966b082cf9a028302ed4184","hash":"87c39b4b623a2da736aea3bd5f0651a0c3c9e103"}
}
