{"C:\\Users\\Dan\\Documents\\alchemy\\career-track\\labs\\lab-09-recipes-complete\\lib\\app.js": {"path":"C:\\Users\\Dan\\Documents\\alchemy\\career-track\\labs\\lab-09-recipes-complete\\lib\\app.js","statementMap":{"0":{"start":{"line":1,"column":16},"end":{"line":1,"column":34}},"1":{"start":{"line":2,"column":12},"end":{"line":2,"column":21}},"2":{"start":{"line":4,"column":0},"end":{"line":4,"column":24}},"3":{"start":{"line":6,"column":0},"end":{"line":6,"column":56}},"4":{"start":{"line":7,"column":0},"end":{"line":7,"column":58}},"5":{"start":{"line":9,"column":0},"end":{"line":9,"column":21}}},"fnMap":{},"branchMap":{},"s":{"0":2,"1":2,"2":2,"3":2,"4":2,"5":2},"f":{},"b":{},"_coverageSchema":"43e27e138ebf9cfc5966b082cf9a028302ed4184","hash":"139115b9449f3e8cd0858a0e2f242d9a08107fbc"}
,"C:\\Users\\Dan\\Documents\\alchemy\\career-track\\labs\\lab-09-recipes-complete\\lib\\models\\Attempt.js": {"path":"C:\\Users\\Dan\\Documents\\alchemy\\career-track\\labs\\lab-09-recipes-complete\\lib\\models\\Attempt.js","statementMap":{"0":{"start":{"line":1,"column":17},"end":{"line":1,"column":36}},"1":{"start":{"line":3,"column":15},"end":{"line":23,"column":2}},"2":{"start":{"line":25,"column":0},"end":{"line":31,"column":5}},"3":{"start":{"line":27,"column":4},"end":{"line":27,"column":45}},"4":{"start":{"line":30,"column":4},"end":{"line":30,"column":36}},"5":{"start":{"line":33,"column":0},"end":{"line":39,"column":5}},"6":{"start":{"line":35,"column":4},"end":{"line":35,"column":45}},"7":{"start":{"line":38,"column":4},"end":{"line":38,"column":41}},"8":{"start":{"line":41,"column":0},"end":{"line":47,"column":5}},"9":{"start":{"line":43,"column":4},"end":{"line":43,"column":44}},"10":{"start":{"line":46,"column":4},"end":{"line":46,"column":40}},"11":{"start":{"line":49,"column":0},"end":{"line":49,"column":51}}},"fnMap":{"0":{"name":"(anonymous_0)","decl":{"start":{"line":26,"column":7},"end":{"line":26,"column":8}},"loc":{"start":{"line":26,"column":18},"end":{"line":28,"column":3}},"line":26},"1":{"name":"(anonymous_1)","decl":{"start":{"line":29,"column":7},"end":{"line":29,"column":8}},"loc":{"start":{"line":29,"column":21},"end":{"line":31,"column":3}},"line":29},"2":{"name":"(anonymous_2)","decl":{"start":{"line":34,"column":7},"end":{"line":34,"column":8}},"loc":{"start":{"line":34,"column":18},"end":{"line":36,"column":3}},"line":34},"3":{"name":"(anonymous_3)","decl":{"start":{"line":37,"column":7},"end":{"line":37,"column":8}},"loc":{"start":{"line":37,"column":21},"end":{"line":39,"column":3}},"line":37},"4":{"name":"(anonymous_4)","decl":{"start":{"line":42,"column":7},"end":{"line":42,"column":8}},"loc":{"start":{"line":42,"column":18},"end":{"line":44,"column":3}},"line":42},"5":{"name":"(anonymous_5)","decl":{"start":{"line":45,"column":7},"end":{"line":45,"column":8}},"loc":{"start":{"line":45,"column":21},"end":{"line":47,"column":3}},"line":45}},"branchMap":{},"s":{"0":3,"1":3,"2":3,"3":2,"4":1,"5":3,"6":2,"7":1,"8":3,"9":2,"10":1,"11":3},"f":{"0":2,"1":1,"2":2,"3":1,"4":2,"5":1},"b":{},"_coverageSchema":"43e27e138ebf9cfc5966b082cf9a028302ed4184","hash":"87c39b4b623a2da736aea3bd5f0651a0c3c9e103"}
,"C:\\Users\\Dan\\Documents\\alchemy\\career-track\\labs\\lab-09-recipes-complete\\lib\\models\\Recipe.js": {"path":"C:\\Users\\Dan\\Documents\\alchemy\\career-track\\labs\\lab-09-recipes-complete\\lib\\models\\Recipe.js","statementMap":{"0":{"start":{"line":1,"column":17},"end":{"line":1,"column":36}},"1":{"start":{"line":3,"column":26},"end":{"line":16,"column":2}},"2":{"start":{"line":18,"column":15},"end":{"line":27,"column":2}},"3":{"start":{"line":29,"column":0},"end":{"line":29,"column":50}}},"fnMap":{},"branchMap":{},"s":{"0":3,"1":3,"2":3,"3":3},"f":{},"b":{},"_coverageSchema":"43e27e138ebf9cfc5966b082cf9a028302ed4184","hash":"65387cfb9d1c74b2e5ce4f780a1d4cf3207c3247"}
,"C:\\Users\\Dan\\Documents\\alchemy\\career-track\\labs\\lab-09-recipes-complete\\lib\\routes\\attempts.js": {"path":"C:\\Users\\Dan\\Documents\\alchemy\\career-track\\labs\\lab-09-recipes-complete\\lib\\routes\\attempts.js","statementMap":{"0":{"start":{"line":1,"column":19},"end":{"line":1,"column":37}},"1":{"start":{"line":2,"column":16},"end":{"line":2,"column":44}},"2":{"start":{"line":4,"column":0},"end":{"line":30,"column":5}},"3":{"start":{"line":6,"column":4},"end":{"line":8,"column":42}},"4":{"start":{"line":8,"column":23},"end":{"line":8,"column":40}},"5":{"start":{"line":11,"column":4},"end":{"line":13,"column":44}},"6":{"start":{"line":13,"column":24},"end":{"line":13,"column":42}},"7":{"start":{"line":16,"column":4},"end":{"line":19,"column":42}},"8":{"start":{"line":19,"column":23},"end":{"line":19,"column":40}},"9":{"start":{"line":22,"column":4},"end":{"line":24,"column":42}},"10":{"start":{"line":24,"column":23},"end":{"line":24,"column":40}},"11":{"start":{"line":27,"column":4},"end":{"line":29,"column":42}},"12":{"start":{"line":29,"column":23},"end":{"line":29,"column":40}}},"fnMap":{"0":{"name":"(anonymous_0)","decl":{"start":{"line":5,"column":13},"end":{"line":5,"column":14}},"loc":{"start":{"line":5,"column":27},"end":{"line":9,"column":3}},"line":5},"1":{"name":"(anonymous_1)","decl":{"start":{"line":8,"column":12},"end":{"line":8,"column":13}},"loc":{"start":{"line":8,"column":23},"end":{"line":8,"column":40}},"line":8},"2":{"name":"(anonymous_2)","decl":{"start":{"line":10,"column":12},"end":{"line":10,"column":13}},"loc":{"start":{"line":10,"column":26},"end":{"line":14,"column":3}},"line":10},"3":{"name":"(anonymous_3)","decl":{"start":{"line":13,"column":12},"end":{"line":13,"column":13}},"loc":{"start":{"line":13,"column":24},"end":{"line":13,"column":42}},"line":13},"4":{"name":"(anonymous_4)","decl":{"start":{"line":15,"column":15},"end":{"line":15,"column":16}},"loc":{"start":{"line":15,"column":29},"end":{"line":20,"column":3}},"line":15},"5":{"name":"(anonymous_5)","decl":{"start":{"line":19,"column":12},"end":{"line":19,"column":13}},"loc":{"start":{"line":19,"column":23},"end":{"line":19,"column":40}},"line":19},"6":{"name":"(anonymous_6)","decl":{"start":{"line":21,"column":17},"end":{"line":21,"column":18}},"loc":{"start":{"line":21,"column":31},"end":{"line":25,"column":3}},"line":21},"7":{"name":"(anonymous_7)","decl":{"start":{"line":24,"column":12},"end":{"line":24,"column":13}},"loc":{"start":{"line":24,"column":23},"end":{"line":24,"column":40}},"line":24},"8":{"name":"(anonymous_8)","decl":{"start":{"line":26,"column":18},"end":{"line":26,"column":19}},"loc":{"start":{"line":26,"column":32},"end":{"line":30,"column":3}},"line":26},"9":{"name":"(anonymous_9)","decl":{"start":{"line":29,"column":12},"end":{"line":29,"column":13}},"loc":{"start":{"line":29,"column":23},"end":{"line":29,"column":40}},"line":29}},"branchMap":{},"s":{"0":2,"1":2,"2":2,"3":1,"4":1,"5":1,"6":1,"7":1,"8":1,"9":1,"10":1,"11":1,"12":1},"f":{"0":1,"1":1,"2":1,"3":1,"4":1,"5":1,"6":1,"7":1,"8":1,"9":1},"b":{},"_coverageSchema":"43e27e138ebf9cfc5966b082cf9a028302ed4184","hash":"644d3544a05cf7247c911939d09a7ff8a9ca2373"}
,"C:\\Users\\Dan\\Documents\\alchemy\\career-track\\labs\\lab-09-recipes-complete\\lib\\routes\\recipes.js": {"path":"C:\\Users\\Dan\\Documents\\alchemy\\career-track\\labs\\lab-09-recipes-complete\\lib\\routes\\recipes.js","statementMap":{"0":{"start":{"line":1,"column":19},"end":{"line":1,"column":37}},"1":{"start":{"line":2,"column":15},"end":{"line":2,"column":42}},"2":{"start":{"line":3,"column":16},"end":{"line":3,"column":44}},"3":{"start":{"line":5,"column":0},"end":{"line":40,"column":5}},"4":{"start":{"line":7,"column":4},"end":{"line":9,"column":40}},"5":{"start":{"line":9,"column":22},"end":{"line":9,"column":38}},"6":{"start":{"line":12,"column":16},"end":{"line":12,"column":18}},"7":{"start":{"line":13,"column":4},"end":{"line":15,"column":5}},"8":{"start":{"line":14,"column":6},"end":{"line":14,"column":59}},"9":{"start":{"line":16,"column":4},"end":{"line":18,"column":42}},"10":{"start":{"line":18,"column":23},"end":{"line":18,"column":40}},"11":{"start":{"line":21,"column":4},"end":{"line":27,"column":9}},"12":{"start":{"line":26,"column":8},"end":{"line":26,"column":51}},"13":{"start":{"line":30,"column":4},"end":{"line":32,"column":40}},"14":{"start":{"line":32,"column":22},"end":{"line":32,"column":38}},"15":{"start":{"line":35,"column":4},"end":{"line":39,"column":80}},"16":{"start":{"line":39,"column":36},"end":{"line":39,"column":78}}},"fnMap":{"0":{"name":"(anonymous_0)","decl":{"start":{"line":6,"column":13},"end":{"line":6,"column":14}},"loc":{"start":{"line":6,"column":27},"end":{"line":10,"column":3}},"line":6},"1":{"name":"(anonymous_1)","decl":{"start":{"line":9,"column":12},"end":{"line":9,"column":13}},"loc":{"start":{"line":9,"column":22},"end":{"line":9,"column":38}},"line":9},"2":{"name":"(anonymous_2)","decl":{"start":{"line":11,"column":12},"end":{"line":11,"column":13}},"loc":{"start":{"line":11,"column":26},"end":{"line":19,"column":3}},"line":11},"3":{"name":"(anonymous_3)","decl":{"start":{"line":18,"column":12},"end":{"line":18,"column":13}},"loc":{"start":{"line":18,"column":23},"end":{"line":18,"column":40}},"line":18},"4":{"name":"(anonymous_4)","decl":{"start":{"line":20,"column":15},"end":{"line":20,"column":16}},"loc":{"start":{"line":20,"column":29},"end":{"line":28,"column":3}},"line":20},"5":{"name":"(anonymous_5)","decl":{"start":{"line":25,"column":12},"end":{"line":25,"column":13}},"loc":{"start":{"line":25,"column":36},"end":{"line":27,"column":7}},"line":25},"6":{"name":"(anonymous_6)","decl":{"start":{"line":29,"column":17},"end":{"line":29,"column":18}},"loc":{"start":{"line":29,"column":31},"end":{"line":33,"column":3}},"line":29},"7":{"name":"(anonymous_7)","decl":{"start":{"line":32,"column":12},"end":{"line":32,"column":13}},"loc":{"start":{"line":32,"column":22},"end":{"line":32,"column":38}},"line":32},"8":{"name":"(anonymous_8)","decl":{"start":{"line":34,"column":18},"end":{"line":34,"column":19}},"loc":{"start":{"line":34,"column":32},"end":{"line":40,"column":3}},"line":34},"9":{"name":"(anonymous_9)","decl":{"start":{"line":39,"column":12},"end":{"line":39,"column":13}},"loc":{"start":{"line":39,"column":36},"end":{"line":39,"column":78}},"line":39}},"branchMap":{"0":{"loc":{"start":{"line":13,"column":4},"end":{"line":15,"column":5}},"type":"if","locations":[{"start":{"line":13,"column":4},"end":{"line":15,"column":5}},{"start":{"line":13,"column":4},"end":{"line":15,"column":5}}],"line":13}},"s":{"0":2,"1":2,"2":2,"3":2,"4":1,"5":1,"6":2,"7":2,"8":1,"9":2,"10":2,"11":1,"12":1,"13":1,"14":1,"15":1,"16":1},"f":{"0":1,"1":1,"2":2,"3":2,"4":1,"5":1,"6":1,"7":1,"8":1,"9":1},"b":{"0":[1,1]},"_coverageSchema":"43e27e138ebf9cfc5966b082cf9a028302ed4184","hash":"06a1cc964b031c654ac12a963f18e0aa570382a5"}
,"C:\\Users\\Dan\\Documents\\alchemy\\career-track\\labs\\lab-09-recipes-complete\\lib\\utils\\connect.js": {"path":"C:\\Users\\Dan\\Documents\\alchemy\\career-track\\labs\\lab-09-recipes-complete\\lib\\utils\\connect.js","statementMap":{"0":{"start":{"line":1,"column":17},"end":{"line":1,"column":36}},"1":{"start":{"line":2,"column":18},"end":{"line":2,"column":32}},"2":{"start":{"line":4,"column":0},"end":{"line":28,"column":2}},"3":{"start":{"line":5,"column":2},"end":{"line":10,"column":5}},"4":{"start":{"line":12,"column":2},"end":{"line":17,"column":5}},"5":{"start":{"line":13,"column":22},"end":{"line":13,"column":32}},"6":{"start":{"line":14,"column":24},"end":{"line":14,"column":109}},"7":{"start":{"line":16,"column":4},"end":{"line":16,"column":58}},"8":{"start":{"line":19,"column":2},"end":{"line":22,"column":5}},"9":{"start":{"line":21,"column":4},"end":{"line":21,"column":45}},"10":{"start":{"line":24,"column":2},"end":{"line":27,"column":5}},"11":{"start":{"line":26,"column":4},"end":{"line":26,"column":47}}},"fnMap":{"0":{"name":"(anonymous_0)","decl":{"start":{"line":4,"column":17},"end":{"line":4,"column":18}},"loc":{"start":{"line":4,"column":52},"end":{"line":28,"column":1}},"line":4},"1":{"name":"(anonymous_1)","decl":{"start":{"line":12,"column":38},"end":{"line":12,"column":39}},"loc":{"start":{"line":12,"column":44},"end":{"line":17,"column":3}},"line":12},"2":{"name":"(anonymous_2)","decl":{"start":{"line":19,"column":41},"end":{"line":19,"column":42}},"loc":{"start":{"line":19,"column":47},"end":{"line":22,"column":3}},"line":19},"3":{"name":"(anonymous_3)","decl":{"start":{"line":24,"column":34},"end":{"line":24,"column":35}},"loc":{"start":{"line":24,"column":40},"end":{"line":27,"column":3}},"line":24}},"branchMap":{"0":{"loc":{"start":{"line":4,"column":18},"end":{"line":4,"column":47}},"type":"default-arg","locations":[{"start":{"line":4,"column":24},"end":{"line":4,"column":47}}],"line":4}},"s":{"0":2,"1":2,"2":2,"3":2,"4":2,"5":2,"6":2,"7":2,"8":2,"9":2,"10":2,"11":0},"f":{"0":2,"1":2,"2":2,"3":0},"b":{"0":[2]},"_coverageSchema":"43e27e138ebf9cfc5966b082cf9a028302ed4184","hash":"a956c3154b93538f42acb20327a843bc9741ff14"}
}
