TN:
SF:C:\Users\Dan\Documents\alchemy\career-track\labs\lab-09-recipes-complete\lib\app.js
FNF:0
FNH:0
DA:1,1
DA:2,1
DA:4,1
DA:6,1
DA:7,1
DA:9,1
LF:6
LH:6
BRF:0
BRH:0
end_of_record
TN:
SF:C:\Users\Dan\Documents\alchemy\career-track\labs\lab-09-recipes-complete\lib\models\Attempt.js
FN:26,(anonymous_0)
FN:29,(anonymous_1)
FN:34,(anonymous_2)
FN:37,(anonymous_3)
FN:42,(anonymous_4)
FN:45,(anonymous_5)
FNF:6
FNH:0
FNDA:0,(anonymous_0)
FNDA:0,(anonymous_1)
FNDA:0,(anonymous_2)
FNDA:0,(anonymous_3)
FNDA:0,(anonymous_4)
FNDA:0,(anonymous_5)
DA:1,1
DA:3,1
DA:25,1
DA:27,0
DA:30,0
DA:33,1
DA:35,0
DA:38,0
DA:41,1
DA:43,0
DA:46,0
DA:49,1
LF:12
LH:6
BRF:0
BRH:0
end_of_record
TN:
SF:C:\Users\Dan\Documents\alchemy\career-track\labs\lab-09-recipes-complete\lib\models\Recipe.js
FNF:0
FNH:0
DA:1,1
DA:3,1
DA:18,1
DA:29,1
LF:4
LH:4
BRF:0
BRH:0
end_of_record
TN:
SF:C:\Users\Dan\Documents\alchemy\career-track\labs\lab-09-recipes-complete\lib\routes\attempts.js
FN:5,(anonymous_0)
FN:8,(anonymous_1)
FN:10,(anonymous_2)
FN:13,(anonymous_3)
FN:15,(anonymous_4)
FN:19,(anonymous_5)
FN:21,(anonymous_6)
FN:24,(anonymous_7)
FN:26,(anonymous_8)
FN:29,(anonymous_9)
FNF:10
FNH:10
FNDA:1,(anonymous_0)
FNDA:1,(anonymous_1)
FNDA:1,(anonymous_2)
FNDA:1,(anonymous_3)
FNDA:1,(anonymous_4)
FNDA:1,(anonymous_5)
FNDA:1,(anonymous_6)
FNDA:1,(anonymous_7)
FNDA:1,(anonymous_8)
FNDA:1,(anonymous_9)
DA:1,1
DA:2,1
DA:4,1
DA:6,1
DA:8,1
DA:11,1
DA:13,1
DA:16,1
DA:19,1
DA:22,1
DA:24,1
DA:27,1
DA:29,1
LF:13
LH:13
BRF:0
BRH:0
end_of_record
TN:
SF:C:\Users\Dan\Documents\alchemy\career-track\labs\lab-09-recipes-complete\lib\routes\recipes.js
FN:6,(anonymous_0)
FN:9,(anonymous_1)
FN:11,(anonymous_2)
FN:18,(anonymous_3)
FN:20,(anonymous_4)
FN:25,(anonymous_5)
FN:29,(anonymous_6)
FN:32,(anonymous_7)
FN:34,(anonymous_8)
FN:39,(anonymous_9)
FNF:10
FNH:0
FNDA:0,(anonymous_0)
FNDA:0,(anonymous_1)
FNDA:0,(anonymous_2)
FNDA:0,(anonymous_3)
FNDA:0,(anonymous_4)
FNDA:0,(anonymous_5)
FNDA:0,(anonymous_6)
FNDA:0,(anonymous_7)
FNDA:0,(anonymous_8)
FNDA:0,(anonymous_9)
DA:1,1
DA:2,1
DA:3,1
DA:5,1
DA:7,0
DA:9,0
DA:12,0
DA:13,0
DA:14,0
DA:16,0
DA:18,0
DA:21,0
DA:26,0
DA:30,0
DA:32,0
DA:35,0
DA:39,0
LF:17
LH:4
BRDA:13,0,0,0
BRDA:13,0,1,0
BRF:2
BRH:0
end_of_record
TN:
SF:C:\Users\Dan\Documents\alchemy\career-track\labs\lab-09-recipes-complete\lib\utils\connect.js
FN:4,(anonymous_0)
FN:12,(anonymous_1)
FN:19,(anonymous_2)
FN:24,(anonymous_3)
FNF:4
FNH:3
FNDA:1,(anonymous_0)
FNDA:1,(anonymous_1)
FNDA:1,(anonymous_2)
FNDA:0,(anonymous_3)
DA:1,1
DA:2,1
DA:4,1
DA:5,1
DA:12,1
DA:13,1
DA:14,1
DA:16,1
DA:19,1
DA:21,1
DA:24,1
DA:26,0
LF:12
LH:11
BRDA:4,0,0,1
BRF:1
BRH:1
end_of_record
